<?xml version="1.0" encoding="UTF-8"?>
<testsuite name="Infinispan-rest-server" failures="0" tests="9" time="7.024" errors="0">
  <properties/>
  <testcase name="testWipeCacheBucket" time="3.419" classname="org.infinispan.rest.IntegrationTest"/>
  <testcase name="testGet" time="0.07" classname="org.infinispan.rest.IntegrationTest"/>
  <testcase name="testHead" time="0.057" classname="org.infinispan.rest.IntegrationTest"/>
  <testcase name="testAsyncAddRemove" time="0.127" classname="org.infinispan.rest.IntegrationTest"/>
  <testcase name="testPutDataWithTimeToLive" time="3.054" classname="org.infinispan.rest.IntegrationTest"/>
  <testcase name="testPostDuplicate" time="0.021" classname="org.infinispan.rest.IntegrationTest"/>
  <testcase name="testEmptyGet" time="0.049" classname="org.infinispan.rest.IntegrationTest"/>
  <testcase name="testRemoveEntry" time="0.025" classname="org.infinispan.rest.IntegrationTest"/>
  <testcase name="testBasicOperation" time="0.168" classname="org.infinispan.rest.IntegrationTest"/>
</testsuite>
