<testng-results>
  <reporter-output>
  </reporter-output>
  <suite name="Custom suite">
    <groups>
    </groups>
    <test name="Infinispan-rest-server">
      <class name="org.infinispan.rest.IntegrationTest">
        <test-method status="PASS" signature="testPostDuplicate()" name="testPostDuplicate" duration-ms="21" started-at="2009-09-15T22:12:30Z" finished-at="2009-09-15T22:12:30Z">
        </test-method>
        <test-method status="PASS" signature="testAsyncAddRemove()" name="testAsyncAddRemove" duration-ms="127" started-at="2009-09-15T22:12:26Z" finished-at="2009-09-15T22:12:26Z">
        </test-method>
        <test-method status="PASS" signature="testHead()" name="testHead" duration-ms="57" started-at="2009-09-15T22:12:26Z" finished-at="2009-09-15T22:12:26Z">
        </test-method>
        <test-method status="PASS" signature="testPutDataWithTimeToLive()" name="testPutDataWithTimeToLive" duration-ms="3054" started-at="2009-09-15T22:12:26Z" finished-at="2009-09-15T22:12:30Z">
        </test-method>
        <test-method status="PASS" signature="testRemoveEntry()" name="testRemoveEntry" duration-ms="25" started-at="2009-09-15T22:12:30Z" finished-at="2009-09-15T22:12:30Z">
        </test-method>
        <test-method status="PASS" signature="testGet()" name="testGet" duration-ms="70" started-at="2009-09-15T22:12:26Z" finished-at="2009-09-15T22:12:26Z">
        </test-method>
        <test-method status="PASS" signature="testBasicOperation()" name="testBasicOperation" duration-ms="168" started-at="2009-09-15T22:12:30Z" finished-at="2009-09-15T22:12:30Z">
        </test-method>
        <test-method status="PASS" signature="testWipeCacheBucket()" name="testWipeCacheBucket" duration-ms="3419" started-at="2009-09-15T22:12:23Z" finished-at="2009-09-15T22:12:26Z">
        </test-method>
        <test-method status="PASS" signature="testEmptyGet()" name="testEmptyGet" duration-ms="49" started-at="2009-09-15T22:12:30Z" finished-at="2009-09-15T22:12:30Z">
        </test-method>
      </class>
    </test>
  </suite>
</testng-results>
